INFO:root:Validating configuration...
INFO:root:Raw data directory not found. Creating...
INFO:root:Raw data directory not found. Creating...
INFO:root:Results data directory not found. Creating...
INFO:root:All required folders generated.
INFO:root:Please copy your files into the new folders and restart the application.
INFO:root:Validating configuration...
INFO:root:Raw data directory not found. Creating...
INFO:root:Raw data directory not found. Creating...
INFO:root:Results data directory not found. Creating...
INFO:root:All required folders generated.
INFO:root:Please copy your files into the new folders and restart the application.
INFO:root:Validating configuration...
INFO:root:Checking data folder integrity...
INFO:root:Raw data directory not found. Creating...
INFO:root:Raw data directory not found. Creating...
INFO:root:Results data directory not found. Creating...
INFO:root:All required folders generated.
INFO:root:Please copy your files into the new folders and restart the application.
INFO:root:Validating configuration...
INFO:root:Checking data folder integrity...
INFO:root:Validating configuration...
INFO:root:Checking data folder integrity...
INFO:root:Raw data directory not found. Creating...
INFO:root:Raw data directory not found. Creating...
INFO:root:Results data directory not found. Creating...
INFO:root:All required folders generated.
INFO:root:Please copy your files into the new folders and restart the application.
INFO:root:Validating configuration...
INFO:root:Checking data folder integrity...
INFO:root:Raw data directory not found. Creating...
INFO:root:Raw data directory not found. Creating...
INFO:root:Results data directory not found. Creating...
INFO:root:All required folders generated.
INFO:root:Please copy your files into the new folders and restart the application.
